2019-10-16 21:49:25 URL:http://ftpmaster.internal/ubuntu/dists/eoan/InRelease [255464/255464] -> "/build/chroot/var/lib/apt/lists/partial/ftpmaster.internal_ubuntu_dists_eoan_InRelease" [1]
gpgv: Signature made Wed Oct 16 21:44:13 2019 UTC
gpgv:                using RSA key 3B4FE6ACC0B21F32
gpgv: Good signature from "Ubuntu Archive Automatic Signing Key (2012) <ftpmaster@ubuntu.com>"
gpgv: Signature made Wed Oct 16 21:44:13 2019 UTC
gpgv:                using RSA key 871920D1991BC93C
gpgv: Good signature from "Ubuntu Archive Automatic Signing Key (2018) <ftpmaster@ubuntu.com>"
2019-10-16 21:49:26 URL:http://ftpmaster.internal/ubuntu/dists/eoan/main/binary-amd64/by-hash/SHA256/113a45e5dc7bf0947797b2e7c1dee41c2120eb8f22f3a2aa5a25cc15f195bd0d [968768/968768] -> "/build/chroot/var/lib/apt/lists/partial/ftpmaster.internal_ubuntu_dists_eoan_main_binary-amd64_Packages.xz" [1]
2019-10-16 21:49:27 URL:http://ftpmaster.internal/ubuntu/dists/eoan/restricted/binary-amd64/by-hash/SHA256/a55459806f438eceba125cc17460e75621864a34db399927fbf31da7064165a9 [16268/16268] -> "/build/chroot/var/lib/apt/lists/partial/ftpmaster.internal_ubuntu_dists_eoan_restricted_binary-amd64_Packages.xz" [1]
2019-10-16 21:49:29 URL:http://ftpmaster.internal/ubuntu/pool/main/a/adduser/adduser_3.118ubuntu1_all.deb [162656/162656] -> "/build/chroot//var/cache/apt/archives/partial/adduser_3.118ubuntu1_all.deb" [1]
2019-10-16 21:49:29 URL:http://ftpmaster.internal/ubuntu/pool/main/a/apt/apt_1.9.4_amd64.deb [1279364/1279364] -> "/build/chroot//var/cache/apt/archives/partial/apt_1.9.4_amd64.deb" [1]
2019-10-16 21:49:29 URL:http://ftpmaster.internal/ubuntu/pool/main/b/base-files/base-files_10.2ubuntu7_amd64.deb [60584/60584] -> "/build/chroot//var/cache/apt/archives/partial/base-files_10.2ubuntu7_amd64.deb" [1]
2019-10-16 21:49:29 URL:http://ftpmaster.internal/ubuntu/pool/main/b/base-passwd/base-passwd_3.5.46_amd64.deb [47376/47376] -> "/build/chroot//var/cache/apt/archives/partial/base-passwd_3.5.46_amd64.deb" [1]
2019-10-16 21:49:29 URL:http://ftpmaster.internal/ubuntu/pool/main/b/bash/bash_5.0-4ubuntu1_amd64.deb [635492/635492] -> "/build/chroot//var/cache/apt/archives/partial/bash_5.0-4ubuntu1_amd64.deb" [1]
2019-10-16 21:49:29 URL:http://ftpmaster.internal/ubuntu/pool/main/u/util-linux/bsdutils_2.34-0.1ubuntu2_amd64.deb [63792/63792] -> "/build/chroot//var/cache/apt/archives/partial/bsdutils_1%3a2.34-0.1ubuntu2_amd64.deb" [1]
2019-10-16 21:49:29 URL:http://ftpmaster.internal/ubuntu/pool/main/b/bzip2/bzip2_1.0.6-9.2_amd64.deb [33932/33932] -> "/build/chroot//var/cache/apt/archives/partial/bzip2_1.0.6-9.2_amd64.deb" [1]
2019-10-16 21:49:29 URL:http://ftpmaster.internal/ubuntu/pool/main/c/coreutils/coreutils_8.30-3ubuntu2_amd64.deb [1249368/1249368] -> "/build/chroot//var/cache/apt/archives/partial/coreutils_8.30-3ubuntu2_amd64.deb" [1]
2019-10-16 21:49:29 URL:http://ftpmaster.internal/ubuntu/pool/main/d/dash/dash_0.5.10.2-6_amd64.deb [86336/86336] -> "/build/chroot//var/cache/apt/archives/partial/dash_0.5.10.2-6_amd64.deb" [1]
2019-10-16 21:49:29 URL:http://ftpmaster.internal/ubuntu/pool/main/d/debconf/debconf_1.5.73_all.deb [121524/121524] -> "/build/chroot//var/cache/apt/archives/partial/debconf_1.5.73_all.deb" [1]
2019-10-16 21:49:29 URL:http://ftpmaster.internal/ubuntu/pool/main/d/debianutils/debianutils_4.8.6.3_amd64.deb [85472/85472] -> "/build/chroot//var/cache/apt/archives/partial/debianutils_4.8.6.3_amd64.deb" [1]
2019-10-16 21:49:29 URL:http://ftpmaster.internal/ubuntu/pool/main/d/diffutils/diffutils_3.7-3_amd64.deb [199804/199804] -> "/build/chroot//var/cache/apt/archives/partial/diffutils_1%3a3.7-3_amd64.deb" [1]
2019-10-16 21:49:29 URL:http://ftpmaster.internal/ubuntu/pool/main/d/dpkg/dpkg_1.19.7ubuntu2_amd64.deb [1129844/1129844] -> "/build/chroot//var/cache/apt/archives/partial/dpkg_1.19.7ubuntu2_amd64.deb" [1]
2019-10-16 21:49:29 URL:http://ftpmaster.internal/ubuntu/pool/main/e/e2fsprogs/e2fsprogs_1.45.3-4ubuntu2_amd64.deb [525960/525960] -> "/build/chroot//var/cache/apt/archives/partial/e2fsprogs_1.45.3-4ubuntu2_amd64.deb" [1]
2019-10-16 21:49:29 URL:http://ftpmaster.internal/ubuntu/pool/main/u/util-linux/fdisk_2.34-0.1ubuntu2_amd64.deb [119096/119096] -> "/build/chroot//var/cache/apt/archives/partial/fdisk_2.34-0.1ubuntu2_amd64.deb" [1]
2019-10-16 21:49:29 URL:http://ftpmaster.internal/ubuntu/pool/main/f/findutils/findutils_4.6.0+git+20190209-2ubuntu1_amd64.deb [328420/328420] -> "/build/chroot//var/cache/apt/archives/partial/findutils_4.6.0+git+20190209-2ubuntu1_amd64.deb" [1]
2019-10-16 21:49:29 URL:http://ftpmaster.internal/ubuntu/pool/main/g/gcc-9/gcc-9-base_9.2.1-9ubuntu2_amd64.deb [19344/19344] -> "/build/chroot//var/cache/apt/archives/partial/gcc-9-base_9.2.1-9ubuntu2_amd64.deb" [1]
2019-10-16 21:49:29 URL:http://ftpmaster.internal/ubuntu/pool/main/g/gnupg2/gpgv_2.2.12-1ubuntu3_amd64.deb [197208/197208] -> "/build/chroot//var/cache/apt/archives/partial/gpgv_2.2.12-1ubuntu3_amd64.deb" [1]
2019-10-16 21:49:29 URL:http://ftpmaster.internal/ubuntu/pool/main/g/grep/grep_3.3-1build1_amd64.deb [148368/148368] -> "/build/chroot//var/cache/apt/archives/partial/grep_3.3-1build1_amd64.deb" [1]
2019-10-16 21:49:29 URL:http://ftpmaster.internal/ubuntu/pool/main/g/gzip/gzip_1.10-0ubuntu3_amd64.deb [95200/95200] -> "/build/chroot//var/cache/apt/archives/partial/gzip_1.10-0ubuntu3_amd64.deb" [1]
2019-10-16 21:49:29 URL:http://ftpmaster.internal/ubuntu/pool/main/h/hostname/hostname_3.22_amd64.deb [11320/11320] -> "/build/chroot//var/cache/apt/archives/partial/hostname_3.22_amd64.deb" [1]
2019-10-16 21:49:29 URL:http://ftpmaster.internal/ubuntu/pool/main/i/init-system-helpers/init-system-helpers_1.57_all.deb [38260/38260] -> "/build/chroot//var/cache/apt/archives/partial/init-system-helpers_1.57_all.deb" [1]
2019-10-16 21:49:29 URL:http://ftpmaster.internal/ubuntu/pool/main/a/acl/libacl1_2.2.53-4_amd64.deb [18312/18312] -> "/build/chroot//var/cache/apt/archives/partial/libacl1_2.2.53-4_amd64.deb" [1]
2019-10-16 21:49:30 URL:http://ftpmaster.internal/ubuntu/pool/main/a/apt/libapt-pkg5.90_1.9.4_amd64.deb [846896/846896] -> "/build/chroot//var/cache/apt/archives/partial/libapt-pkg5.90_1.9.4_amd64.deb" [1]
2019-10-16 21:49:30 URL:http://ftpmaster.internal/ubuntu/pool/main/a/attr/libattr1_2.4.48-4_amd64.deb [12568/12568] -> "/build/chroot//var/cache/apt/archives/partial/libattr1_1%3a2.4.48-4_amd64.deb" [1]
2019-10-16 21:49:30 URL:http://ftpmaster.internal/ubuntu/pool/main/a/audit/libaudit-common_2.8.5-2ubuntu1_all.deb [4084/4084] -> "/build/chroot//var/cache/apt/archives/partial/libaudit-common_1%3a2.8.5-2ubuntu1_all.deb" [1]
2019-10-16 21:49:30 URL:http://ftpmaster.internal/ubuntu/pool/main/a/audit/libaudit1_2.8.5-2ubuntu1_amd64.deb [39048/39048] -> "/build/chroot//var/cache/apt/archives/partial/libaudit1_1%3a2.8.5-2ubuntu1_amd64.deb" [1]
2019-10-16 21:49:30 URL:http://ftpmaster.internal/ubuntu/pool/main/u/util-linux/libblkid1_2.34-0.1ubuntu2_amd64.deb [137624/137624] -> "/build/chroot//var/cache/apt/archives/partial/libblkid1_2.34-0.1ubuntu2_amd64.deb" [1]
2019-10-16 21:49:30 URL:http://ftpmaster.internal/ubuntu/pool/main/b/bzip2/libbz2-1.0_1.0.6-9.2_amd64.deb [32184/32184] -> "/build/chroot//var/cache/apt/archives/partial/libbz2-1.0_1.0.6-9.2_amd64.deb" [1]
2019-10-16 21:49:30 URL:http://ftpmaster.internal/ubuntu/pool/main/g/glibc/libc-bin_2.30-0ubuntu2_amd64.deb [633520/633520] -> "/build/chroot//var/cache/apt/archives/partial/libc-bin_2.30-0ubuntu2_amd64.deb" [1]
2019-10-16 21:49:30 URL:http://ftpmaster.internal/ubuntu/pool/main/g/glibc/libc6_2.30-0ubuntu2_amd64.deb [2725128/2725128] -> "/build/chroot//var/cache/apt/archives/partial/libc6_2.30-0ubuntu2_amd64.deb" [1]
2019-10-16 21:49:30 URL:http://ftpmaster.internal/ubuntu/pool/main/libc/libcap-ng/libcap-ng0_0.7.9-2_amd64.deb [10964/10964] -> "/build/chroot//var/cache/apt/archives/partial/libcap-ng0_0.7.9-2_amd64.deb" [1]
2019-10-16 21:49:30 URL:http://ftpmaster.internal/ubuntu/pool/main/e/e2fsprogs/libcom-err2_1.45.3-4ubuntu2_amd64.deb [9160/9160] -> "/build/chroot//var/cache/apt/archives/partial/libcom-err2_1.45.3-4ubuntu2_amd64.deb" [1]
2019-10-16 21:49:30 URL:http://ftpmaster.internal/ubuntu/pool/main/d/db5.3/libdb5.3_5.3.28+dfsg1-0.6ubuntu1_amd64.deb [672472/672472] -> "/build/chroot//var/cache/apt/archives/partial/libdb5.3_5.3.28+dfsg1-0.6ubuntu1_amd64.deb" [1]
2019-10-16 21:49:30 URL:http://ftpmaster.internal/ubuntu/pool/main/c/cdebconf/libdebconfclient0_0.249ubuntu1_amd64.deb [6388/6388] -> "/build/chroot//var/cache/apt/archives/partial/libdebconfclient0_0.249ubuntu1_amd64.deb" [1]
2019-10-16 21:49:30 URL:http://ftpmaster.internal/ubuntu/pool/main/e/e2fsprogs/libext2fs2_1.45.3-4ubuntu2_amd64.deb [180832/180832] -> "/build/chroot//var/cache/apt/archives/partial/libext2fs2_1.45.3-4ubuntu2_amd64.deb" [1]
2019-10-16 21:49:30 URL:http://ftpmaster.internal/ubuntu/pool/main/u/util-linux/libfdisk1_2.34-0.1ubuntu2_amd64.deb [174840/174840] -> "/build/chroot//var/cache/apt/archives/partial/libfdisk1_2.34-0.1ubuntu2_amd64.deb" [1]
2019-10-16 21:49:30 URL:http://ftpmaster.internal/ubuntu/pool/main/libf/libffi/libffi6_3.2.1-9_amd64.deb [18060/18060] -> "/build/chroot//var/cache/apt/archives/partial/libffi6_3.2.1-9_amd64.deb" [1]
2019-10-16 21:49:30 URL:http://ftpmaster.internal/ubuntu/pool/main/g/gcc-9/libgcc1_9.2.1-9ubuntu2_amd64.deb [40784/40784] -> "/build/chroot//var/cache/apt/archives/partial/libgcc1_1%3a9.2.1-9ubuntu2_amd64.deb" [1]
2019-10-16 21:49:30 URL:http://ftpmaster.internal/ubuntu/pool/main/libg/libgcrypt20/libgcrypt20_1.8.4-5ubuntu2_amd64.deb [419412/419412] -> "/build/chroot//var/cache/apt/archives/partial/libgcrypt20_1.8.4-5ubuntu2_amd64.deb" [1]
2019-10-16 21:49:30 URL:http://ftpmaster.internal/ubuntu/pool/main/g/gmp/libgmp10_6.1.2+dfsg-4_amd64.deb [236324/236324] -> "/build/chroot//var/cache/apt/archives/partial/libgmp10_2%3a6.1.2+dfsg-4_amd64.deb" [1]
2019-10-16 21:49:30 URL:http://ftpmaster.internal/ubuntu/pool/main/g/gnutls28/libgnutls30_3.6.9-5ubuntu1_amd64.deb [792296/792296] -> "/build/chroot//var/cache/apt/archives/partial/libgnutls30_3.6.9-5ubuntu1_amd64.deb" [1]
2019-10-16 21:49:30 URL:http://ftpmaster.internal/ubuntu/pool/main/libg/libgpg-error/libgpg-error0_1.36-7_amd64.deb [57924/57924] -> "/build/chroot//var/cache/apt/archives/partial/libgpg-error0_1.36-7_amd64.deb" [1]
2019-10-16 21:49:30 URL:http://ftpmaster.internal/ubuntu/pool/main/n/nettle/libhogweed4_3.4.1-1_amd64.deb [139920/139920] -> "/build/chroot//var/cache/apt/archives/partial/libhogweed4_3.4.1-1_amd64.deb" [1]
2019-10-16 21:49:30 URL:http://ftpmaster.internal/ubuntu/pool/main/libi/libidn2/libidn2-0_2.2.0-2_amd64.deb [50448/50448] -> "/build/chroot//var/cache/apt/archives/partial/libidn2-0_2.2.0-2_amd64.deb" [1]
2019-10-16 21:49:30 URL:http://ftpmaster.internal/ubuntu/pool/main/l/lz4/liblz4-1_1.9.1-1_amd64.deb [54572/54572] -> "/build/chroot//var/cache/apt/archives/partial/liblz4-1_1.9.1-1_amd64.deb" [1]
2019-10-16 21:49:30 URL:http://ftpmaster.internal/ubuntu/pool/main/x/xz-utils/liblzma5_5.2.4-1_amd64.deb [92352/92352] -> "/build/chroot//var/cache/apt/archives/partial/liblzma5_5.2.4-1_amd64.deb" [1]
2019-10-16 21:49:31 URL:http://ftpmaster.internal/ubuntu/pool/main/u/util-linux/libmount1_2.34-0.1ubuntu2_amd64.deb [149092/149092] -> "/build/chroot//var/cache/apt/archives/partial/libmount1_2.34-0.1ubuntu2_amd64.deb" [1]
2019-10-16 21:49:31 URL:http://ftpmaster.internal/ubuntu/pool/main/n/ncurses/libncurses6_6.1+20190803-1ubuntu1_amd64.deb [101140/101140] -> "/build/chroot//var/cache/apt/archives/partial/libncurses6_6.1+20190803-1ubuntu1_amd64.deb" [1]
2019-10-16 21:49:31 URL:http://ftpmaster.internal/ubuntu/pool/main/n/ncurses/libncursesw6_6.1+20190803-1ubuntu1_amd64.deb [132316/132316] -> "/build/chroot//var/cache/apt/archives/partial/libncursesw6_6.1+20190803-1ubuntu1_amd64.deb" [1]
2019-10-16 21:49:31 URL:http://ftpmaster.internal/ubuntu/pool/main/n/nettle/libnettle6_3.4.1-1_amd64.deb [110344/110344] -> "/build/chroot//var/cache/apt/archives/partial/libnettle6_3.4.1-1_amd64.deb" [1]
2019-10-16 21:49:31 URL:http://ftpmaster.internal/ubuntu/pool/main/p/p11-kit/libp11-kit0_0.23.17-2_amd64.deb [188444/188444] -> "/build/chroot//var/cache/apt/archives/partial/libp11-kit0_0.23.17-2_amd64.deb" [1]
2019-10-16 21:49:31 URL:http://ftpmaster.internal/ubuntu/pool/main/p/pam/libpam-modules_1.3.1-5ubuntu1_amd64.deb [248148/248148] -> "/build/chroot//var/cache/apt/archives/partial/libpam-modules_1.3.1-5ubuntu1_amd64.deb" [1]
2019-10-16 21:49:31 URL:http://ftpmaster.internal/ubuntu/pool/main/p/pam/libpam-modules-bin_1.3.1-5ubuntu1_amd64.deb [38116/38116] -> "/build/chroot//var/cache/apt/archives/partial/libpam-modules-bin_1.3.1-5ubuntu1_amd64.deb" [1]
2019-10-16 21:49:31 URL:http://ftpmaster.internal/ubuntu/pool/main/p/pam/libpam-runtime_1.3.1-5ubuntu1_all.deb [37276/37276] -> "/build/chroot//var/cache/apt/archives/partial/libpam-runtime_1.3.1-5ubuntu1_all.deb" [1]
2019-10-16 21:49:31 URL:http://ftpmaster.internal/ubuntu/pool/main/p/pam/libpam0g_1.3.1-5ubuntu1_amd64.deb [56200/56200] -> "/build/chroot//var/cache/apt/archives/partial/libpam0g_1.3.1-5ubuntu1_amd64.deb" [1]
2019-10-16 21:49:31 URL:http://ftpmaster.internal/ubuntu/pool/main/p/pcre2/libpcre2-8-0_10.32-5_amd64.deb [180364/180364] -> "/build/chroot//var/cache/apt/archives/partial/libpcre2-8-0_10.32-5_amd64.deb" [1]
2019-10-16 21:49:31 URL:http://ftpmaster.internal/ubuntu/pool/main/p/pcre3/libpcre3_8.39-12_amd64.deb [230936/230936] -> "/build/chroot//var/cache/apt/archives/partial/libpcre3_2%3a8.39-12_amd64.deb" [1]
2019-10-16 21:49:31 URL:http://ftpmaster.internal/ubuntu/pool/main/p/procps/libprocps7_3.3.15-2ubuntu3_amd64.deb [32972/32972] -> "/build/chroot//var/cache/apt/archives/partial/libprocps7_2%3a3.3.15-2ubuntu3_amd64.deb" [1]
2019-10-16 21:49:31 URL:http://ftpmaster.internal/ubuntu/pool/main/libs/libseccomp/libseccomp2_2.4.1-0ubuntu0.19.10.3_amd64.deb [39020/39020] -> "/build/chroot//var/cache/apt/archives/partial/libseccomp2_2.4.1-0ubuntu0.19.10.3_amd64.deb" [1]
2019-10-16 21:49:31 URL:http://ftpmaster.internal/ubuntu/pool/main/libs/libselinux/libselinux1_2.9-2_amd64.deb [69684/69684] -> "/build/chroot//var/cache/apt/archives/partial/libselinux1_2.9-2_amd64.deb" [1]
2019-10-16 21:49:31 URL:http://ftpmaster.internal/ubuntu/pool/main/libs/libsemanage/libsemanage-common_2.9-3_all.deb [9760/9760] -> "/build/chroot//var/cache/apt/archives/partial/libsemanage-common_2.9-3_all.deb" [1]
2019-10-16 21:49:31 URL:http://ftpmaster.internal/ubuntu/pool/main/libs/libsemanage/libsemanage1_2.9-3_amd64.deb [85428/85428] -> "/build/chroot//var/cache/apt/archives/partial/libsemanage1_2.9-3_amd64.deb" [1]
2019-10-16 21:49:31 URL:http://ftpmaster.internal/ubuntu/pool/main/libs/libsepol/libsepol1_2.9-2_amd64.deb [253708/253708] -> "/build/chroot//var/cache/apt/archives/partial/libsepol1_2.9-2_amd64.deb" [1]
2019-10-16 21:49:31 URL:http://ftpmaster.internal/ubuntu/pool/main/u/util-linux/libsmartcols1_2.34-0.1ubuntu2_amd64.deb [100784/100784] -> "/build/chroot//var/cache/apt/archives/partial/libsmartcols1_2.34-0.1ubuntu2_amd64.deb" [1]
2019-10-16 21:49:31 URL:http://ftpmaster.internal/ubuntu/pool/main/e/e2fsprogs/libss2_1.45.3-4ubuntu2_amd64.deb [11292/11292] -> "/build/chroot//var/cache/apt/archives/partial/libss2_1.45.3-4ubuntu2_amd64.deb" [1]
2019-10-16 21:49:31 URL:http://ftpmaster.internal/ubuntu/pool/main/g/gcc-9/libstdc++6_9.2.1-9ubuntu2_amd64.deb [511264/511264] -> "/build/chroot//var/cache/apt/archives/partial/libstdc++6_9.2.1-9ubuntu2_amd64.deb" [1]
2019-10-16 21:49:31 URL:http://ftpmaster.internal/ubuntu/pool/main/s/systemd/libsystemd0_242-7ubuntu3_amd64.deb [260756/260756] -> "/build/chroot//var/cache/apt/archives/partial/libsystemd0_242-7ubuntu3_amd64.deb" [1]
2019-10-16 21:49:31 URL:http://ftpmaster.internal/ubuntu/pool/main/libt/libtasn1-6/libtasn1-6_4.14-3_amd64.deb [37788/37788] -> "/build/chroot//var/cache/apt/archives/partial/libtasn1-6_4.14-3_amd64.deb" [1]
2019-10-16 21:49:31 URL:http://ftpmaster.internal/ubuntu/pool/main/n/ncurses/libtinfo6_6.1+20190803-1ubuntu1_amd64.deb [85328/85328] -> "/build/chroot//var/cache/apt/archives/partial/libtinfo6_6.1+20190803-1ubuntu1_amd64.deb" [1]
2019-10-16 21:49:31 URL:http://ftpmaster.internal/ubuntu/pool/main/s/systemd/libudev1_242-7ubuntu3_amd64.deb [76428/76428] -> "/build/chroot//var/cache/apt/archives/partial/libudev1_242-7ubuntu3_amd64.deb" [1]
2019-10-16 21:49:31 URL:http://ftpmaster.internal/ubuntu/pool/main/libu/libunistring/libunistring2_0.9.10-2_amd64.deb [368092/368092] -> "/build/chroot//var/cache/apt/archives/partial/libunistring2_0.9.10-2_amd64.deb" [1]
2019-10-16 21:49:31 URL:http://ftpmaster.internal/ubuntu/pool/main/u/util-linux/libuuid1_2.34-0.1ubuntu2_amd64.deb [20636/20636] -> "/build/chroot//var/cache/apt/archives/partial/libuuid1_2.34-0.1ubuntu2_amd64.deb" [1]
2019-10-16 21:49:31 URL:http://ftpmaster.internal/ubuntu/pool/main/libz/libzstd/libzstd1_1.4.3+dfsg-1_amd64.deb [235672/235672] -> "/build/chroot//var/cache/apt/archives/partial/libzstd1_1.4.3+dfsg-1_amd64.deb" [1]
2019-10-16 21:49:31 URL:http://ftpmaster.internal/ubuntu/pool/main/s/shadow/login_4.5-1.1ubuntu4_amd64.deb [263644/263644] -> "/build/chroot//var/cache/apt/archives/partial/login_1%3a4.5-1.1ubuntu4_amd64.deb" [1]
2019-10-16 21:49:32 URL:http://ftpmaster.internal/ubuntu/pool/main/e/e2fsprogs/logsave_1.45.3-4ubuntu2_amd64.deb [9836/9836] -> "/build/chroot//var/cache/apt/archives/partial/logsave_1.45.3-4ubuntu2_amd64.deb" [1]
2019-10-16 21:49:32 URL:http://ftpmaster.internal/ubuntu/pool/main/l/lsb/lsb-base_11.0.1ubuntu1_all.deb [12580/12580] -> "/build/chroot//var/cache/apt/archives/partial/lsb-base_11.0.1ubuntu1_all.deb" [1]
2019-10-16 21:49:32 URL:http://ftpmaster.internal/ubuntu/pool/main/m/mawk/mawk_1.3.3-17ubuntu3_amd64.deb [81500/81500] -> "/build/chroot//var/cache/apt/archives/partial/mawk_1.3.3-17ubuntu3_amd64.deb" [1]
2019-10-16 21:49:32 URL:http://ftpmaster.internal/ubuntu/pool/main/u/util-linux/mount_2.34-0.1ubuntu2_amd64.deb [114788/114788] -> "/build/chroot//var/cache/apt/archives/partial/mount_2.34-0.1ubuntu2_amd64.deb" [1]
2019-10-16 21:49:32 URL:http://ftpmaster.internal/ubuntu/pool/main/n/ncurses/ncurses-base_6.1+20190803-1ubuntu1_all.deb [17668/17668] -> "/build/chroot//var/cache/apt/archives/partial/ncurses-base_6.1+20190803-1ubuntu1_all.deb" [1]
2019-10-16 21:49:32 URL:http://ftpmaster.internal/ubuntu/pool/main/n/ncurses/ncurses-bin_6.1+20190803-1ubuntu1_amd64.deb [171600/171600] -> "/build/chroot//var/cache/apt/archives/partial/ncurses-bin_6.1+20190803-1ubuntu1_amd64.deb" [1]
2019-10-16 21:49:32 URL:http://ftpmaster.internal/ubuntu/pool/main/s/shadow/passwd_4.5-1.1ubuntu4_amd64.deb [814912/814912] -> "/build/chroot//var/cache/apt/archives/partial/passwd_1%3a4.5-1.1ubuntu4_amd64.deb" [1]
2019-10-16 21:49:32 URL:http://ftpmaster.internal/ubuntu/pool/main/p/perl/perl-base_5.28.1-6build1_amd64.deb [1510036/1510036] -> "/build/chroot//var/cache/apt/archives/partial/perl-base_5.28.1-6build1_amd64.deb" [1]
2019-10-16 21:49:32 URL:http://ftpmaster.internal/ubuntu/pool/main/p/procps/procps_3.3.15-2ubuntu3_amd64.deb [230480/230480] -> "/build/chroot//var/cache/apt/archives/partial/procps_2%3a3.3.15-2ubuntu3_amd64.deb" [1]
2019-10-16 21:49:32 URL:http://ftpmaster.internal/ubuntu/pool/main/s/sed/sed_4.7-1_amd64.deb [189668/189668] -> "/build/chroot//var/cache/apt/archives/partial/sed_4.7-1_amd64.deb" [1]
2019-10-16 21:49:32 URL:http://ftpmaster.internal/ubuntu/pool/main/s/sensible-utils/sensible-utils_0.0.12_all.deb [14796/14796] -> "/build/chroot//var/cache/apt/archives/partial/sensible-utils_0.0.12_all.deb" [1]
2019-10-16 21:49:32 URL:http://ftpmaster.internal/ubuntu/pool/main/s/sysvinit/sysvinit-utils_2.95-5ubuntu2_amd64.deb [20568/20568] -> "/build/chroot//var/cache/apt/archives/partial/sysvinit-utils_2.95-5ubuntu2_amd64.deb" [1]
2019-10-16 21:49:32 URL:http://ftpmaster.internal/ubuntu/pool/main/t/tar/tar_1.30+dfsg-6_amd64.deb [242960/242960] -> "/build/chroot//var/cache/apt/archives/partial/tar_1.30+dfsg-6_amd64.deb" [1]
2019-10-16 21:49:32 URL:http://ftpmaster.internal/ubuntu/pool/main/u/ubuntu-keyring/ubuntu-keyring_2018.09.18.1_all.deb [22344/22344] -> "/build/chroot//var/cache/apt/archives/partial/ubuntu-keyring_2018.09.18.1_all.deb" [1]
2019-10-16 21:49:32 URL:http://ftpmaster.internal/ubuntu/pool/main/u/util-linux/util-linux_2.34-0.1ubuntu2_amd64.deb [1020632/1020632] -> "/build/chroot//var/cache/apt/archives/partial/util-linux_2.34-0.1ubuntu2_amd64.deb" [1]
2019-10-16 21:49:32 URL:http://ftpmaster.internal/ubuntu/pool/main/z/zlib/zlib1g_1.2.11.dfsg-1ubuntu3_amd64.deb [53604/53604] -> "/build/chroot//var/cache/apt/archives/partial/zlib1g_1%3a1.2.11.dfsg-1ubuntu3_amd64.deb" [1]
gpgv: Signature made Wed Oct 16 21:44:13 2019 UTC
gpgv:                using RSA key 3B4FE6ACC0B21F32
gpgv: Good signature from "Ubuntu Archive Automatic Signing Key (2012) <ftpmaster@ubuntu.com>"
gpgv: Signature made Wed Oct 16 21:44:13 2019 UTC
gpgv:                using RSA key 871920D1991BC93C
gpgv: Good signature from "Ubuntu Archive Automatic Signing Key (2018) <ftpmaster@ubuntu.com>"
dpkg: warning: parsing file '/var/lib/dpkg/status' near line 5 package 'dpkg':
 missing 'Description' field
dpkg: warning: parsing file '/var/lib/dpkg/status' near line 5 package 'dpkg':
 missing 'Architecture' field
Selecting previously unselected package base-passwd.
(Reading database ... 0 files and directories currently installed.)
Preparing to unpack .../base-passwd_3.5.46_amd64.deb ...
Unpacking base-passwd (3.5.46) ...
dpkg: base-passwd: dependency problems, but configuring anyway as you requested:
 base-passwd depends on libc6 (>= 2.8); however:
  Package libc6 is not installed.
 base-passwd depends on libdebconfclient0 (>= 0.145); however:
  Package libdebconfclient0 is not installed.

Setting up base-passwd (3.5.46) ...
dpkg: warning: parsing file '/var/lib/dpkg/status' near line 24 package 'dpkg':
 missing 'Description' field
dpkg: warning: parsing file '/var/lib/dpkg/status' near line 24 package 'dpkg':
 missing 'Architecture' field
Selecting previously unselected package base-files.
dpkg: regarding .../base-files_10.2ubuntu7_amd64.deb containing base-files, pre-dependency problem:
 base-files pre-depends on awk
  awk is not installed.

dpkg: warning: ignoring pre-dependency problem!
(Reading database ... 41 files and directories currently installed.)
Preparing to unpack .../base-files_10.2ubuntu7_amd64.deb ...
Unpacking base-files (10.2ubuntu7) ...
dpkg: base-files: dependency problems, but configuring anyway as you requested:
 base-files depends on awk; however:
  Package awk is not installed.
 base-files depends on libc6 (>= 2.3.4); however:
  Package libc6 is not installed.

Setting up base-files (10.2ubuntu7) ...
dpkg: warning: parsing file '/var/lib/dpkg/status' near line 60 package 'dpkg':
 missing 'Description' field
dpkg: warning: parsing file '/var/lib/dpkg/status' near line 60 package 'dpkg':
 missing 'Architecture' field
dpkg: regarding .../dpkg_1.19.7ubuntu2_amd64.deb containing dpkg, pre-dependency problem:
 dpkg pre-depends on libbz2-1.0
  libbz2-1.0 is not installed.

dpkg: warning: ignoring pre-dependency problem!
dpkg: regarding .../dpkg_1.19.7ubuntu2_amd64.deb containing dpkg, pre-dependency problem:
 dpkg pre-depends on libc6 (>= 2.15)
  libc6 is not installed.

dpkg: warning: ignoring pre-dependency problem!
dpkg: regarding .../dpkg_1.19.7ubuntu2_amd64.deb containing dpkg, pre-dependency problem:
 dpkg pre-depends on liblzma5 (>= 5.2.2)
  liblzma5 is not installed.

dpkg: warning: ignoring pre-dependency problem!
dpkg: regarding .../dpkg_1.19.7ubuntu2_amd64.deb containing dpkg, pre-dependency problem:
 dpkg pre-depends on libselinux1 (>= 2.3)
  libselinux1 is not installed.

dpkg: warning: ignoring pre-dependency problem!
dpkg: regarding .../dpkg_1.19.7ubuntu2_amd64.deb containing dpkg, pre-dependency problem:
 dpkg pre-depends on libzstd1 (>= 1.3.2)
  libzstd1 is not installed.

dpkg: warning: ignoring pre-dependency problem!
dpkg: regarding .../dpkg_1.19.7ubuntu2_amd64.deb containing dpkg, pre-dependency problem:
 dpkg pre-depends on zlib1g (>= 1:1.1.4)
  zlib1g is not installed.

dpkg: warning: ignoring pre-dependency problem!
(Reading database ... 134 files and directories currently installed.)
Preparing to unpack .../dpkg_1.19.7ubuntu2_amd64.deb ...
Unpacking dpkg (1.19.7ubuntu2) over (1.19.7ubuntu2) ...
dpkg: dpkg: dependency problems, but configuring anyway as you requested:
 dpkg depends on libbz2-1.0; however:
  Package libbz2-1.0 is not installed.
 dpkg depends on libc6 (>= 2.15); however:
  Package libc6 is not installed.
 dpkg depends on liblzma5 (>= 5.2.2); however:
  Package liblzma5 is not installed.
 dpkg depends on libselinux1 (>= 2.3); however:
  Package libselinux1 is not installed.
 dpkg depends on libzstd1 (>= 1.3.2); however:
  Package libzstd1 is not installed.
 dpkg depends on zlib1g (>= 1:1.1.4); however:
  Package zlib1g is not installed.
 dpkg depends on tar (>= 1.28-1); however:
  Package tar is not installed.

Setting up dpkg (1.19.7ubuntu2) ...
Selecting previously unselected package libc6:amd64.
(Reading database ... 376 files and directories currently installed.)
Preparing to unpack .../libc6_2.30-0ubuntu2_amd64.deb ...
Unpacking libc6:amd64 (2.30-0ubuntu2) ...
dpkg: libc6:amd64: dependency problems, but configuring anyway as you requested:
 libc6:amd64 depends on libgcc1; however:
  Package libgcc1 is not installed.

Setting up libc6:amd64 (2.30-0ubuntu2) ...
Selecting previously unselected package perl-base.
(Reading database ... 691 files and directories currently installed.)
Preparing to unpack .../perl-base_5.28.1-6build1_amd64.deb ...
Unpacking perl-base (5.28.1-6build1) ...
Setting up perl-base (5.28.1-6build1) ...
Selecting previously unselected package mawk.
(Reading database ... 1351 files and directories currently installed.)
Preparing to unpack .../mawk_1.3.3-17ubuntu3_amd64.deb ...
Unpacking mawk (1.3.3-17ubuntu3) ...
Setting up mawk (1.3.3-17ubuntu3) ...
(Reading database ... 1369 files and directories currently installed.)
Preparing to unpack .../base-files_10.2ubuntu7_amd64.deb ...
Unpacking base-files (10.2ubuntu7) over (10.2ubuntu7) ...
Preparing to unpack .../base-passwd_3.5.46_amd64.deb ...
Unpacking base-passwd (3.5.46) over (3.5.46) ...
Selecting previously unselected package bash.
dpkg: regarding .../bash_5.0-4ubuntu1_amd64.deb containing bash, pre-dependency problem:
 bash pre-depends on libtinfo6 (>= 6)
  libtinfo6 is not installed.

dpkg: warning: ignoring pre-dependency problem!
Preparing to unpack .../bash_5.0-4ubuntu1_amd64.deb ...
Unpacking bash (5.0-4ubuntu1) ...
Selecting previously unselected package bsdutils.
dpkg: regarding .../bsdutils_1%3a2.34-0.1ubuntu2_amd64.deb containing bsdutils, pre-dependency problem:
 bsdutils pre-depends on libsystemd0
  libsystemd0 is not installed.

dpkg: warning: ignoring pre-dependency problem!
Preparing to unpack .../bsdutils_1%3a2.34-0.1ubuntu2_amd64.deb ...
Unpacking bsdutils (1:2.34-0.1ubuntu2) ...
Selecting previously unselected package coreutils.
dpkg: regarding .../coreutils_8.30-3ubuntu2_amd64.deb containing coreutils, pre-dependency problem:
 coreutils pre-depends on libacl1 (>= 2.2.23)
  libacl1 is not installed.

dpkg: warning: ignoring pre-dependency problem!
dpkg: regarding .../coreutils_8.30-3ubuntu2_amd64.deb containing coreutils, pre-dependency problem:
 coreutils pre-depends on libattr1 (>= 1:2.4.44)
  libattr1 is not installed.

dpkg: warning: ignoring pre-dependency problem!
dpkg: regarding .../coreutils_8.30-3ubuntu2_amd64.deb containing coreutils, pre-dependency problem:
 coreutils pre-depends on libselinux1 (>= 2.1.13)
  libselinux1 is not installed.

dpkg: warning: ignoring pre-dependency problem!
Preparing to unpack .../coreutils_8.30-3ubuntu2_amd64.deb ...
Unpacking coreutils (8.30-3ubuntu2) ...
Selecting previously unselected package dash.
Preparing to unpack .../dash_0.5.10.2-6_amd64.deb ...
Unpacking dash (0.5.10.2-6) ...
Selecting previously unselected package debconf.
Preparing to unpack .../debconf_1.5.73_all.deb ...
Unpacking debconf (1.5.73) ...
Selecting previously unselected package debianutils.
Preparing to unpack .../debianutils_4.8.6.3_amd64.deb ...
Unpacking debianutils (4.8.6.3) ...
Selecting previously unselected package diffutils.
Preparing to unpack .../diffutils_1%3a3.7-3_amd64.deb ...
Unpacking diffutils (1:3.7-3) ...
dpkg: regarding .../dpkg_1.19.7ubuntu2_amd64.deb containing dpkg, pre-dependency problem:
 dpkg pre-depends on libbz2-1.0
  libbz2-1.0 is not installed.

dpkg: warning: ignoring pre-dependency problem!
dpkg: regarding .../dpkg_1.19.7ubuntu2_amd64.deb containing dpkg, pre-dependency problem:
 dpkg pre-depends on liblzma5 (>= 5.2.2)
  liblzma5 is not installed.

dpkg: warning: ignoring pre-dependency problem!
dpkg: regarding .../dpkg_1.19.7ubuntu2_amd64.deb containing dpkg, pre-dependency problem:
 dpkg pre-depends on libselinux1 (>= 2.3)
  libselinux1 is not installed.

dpkg: warning: ignoring pre-dependency problem!
dpkg: regarding .../dpkg_1.19.7ubuntu2_amd64.deb containing dpkg, pre-dependency problem:
 dpkg pre-depends on libzstd1 (>= 1.3.2)
  libzstd1 is not installed.

dpkg: warning: ignoring pre-dependency problem!
dpkg: regarding .../dpkg_1.19.7ubuntu2_amd64.deb containing dpkg, pre-dependency problem:
 dpkg pre-depends on zlib1g (>= 1:1.1.4)
  zlib1g is not installed.

dpkg: warning: ignoring pre-dependency problem!
Preparing to unpack .../dpkg_1.19.7ubuntu2_amd64.deb ...
Unpacking dpkg (1.19.7ubuntu2) over (1.19.7ubuntu2) ...
Selecting previously unselected package e2fsprogs.
dpkg: regarding .../e2fsprogs_1.45.3-4ubuntu2_amd64.deb containing e2fsprogs, pre-dependency problem:
 e2fsprogs pre-depends on libblkid1 (>= 2.17.2)
  libblkid1 is not installed.

dpkg: warning: ignoring pre-dependency problem!
dpkg: regarding .../e2fsprogs_1.45.3-4ubuntu2_amd64.deb containing e2fsprogs, pre-dependency problem:
 e2fsprogs pre-depends on libcom-err2 (>= 1.43.9)
  libcom-err2 is not installed.

dpkg: warning: ignoring pre-dependency problem!
dpkg: regarding .../e2fsprogs_1.45.3-4ubuntu2_amd64.deb containing e2fsprogs, pre-dependency problem:
 e2fsprogs pre-depends on libext2fs2 (= 1.45.3-4ubuntu2)
  libext2fs2 is not installed.

dpkg: warning: ignoring pre-dependency problem!
dpkg: regarding .../e2fsprogs_1.45.3-4ubuntu2_amd64.deb containing e2fsprogs, pre-dependency problem:
 e2fsprogs pre-depends on libss2 (>= 1.38)
  libss2 is not installed.

dpkg: warning: ignoring pre-dependency problem!
dpkg: regarding .../e2fsprogs_1.45.3-4ubuntu2_amd64.deb containing e2fsprogs, pre-dependency problem:
 e2fsprogs pre-depends on libuuid1 (>= 2.16)
  libuuid1 is not installed.

dpkg: warning: ignoring pre-dependency problem!
Preparing to unpack .../e2fsprogs_1.45.3-4ubuntu2_amd64.deb ...
Unpacking e2fsprogs (1.45.3-4ubuntu2) ...
Selecting previously unselected package fdisk.
Preparing to unpack .../fdisk_2.34-0.1ubuntu2_amd64.deb ...
Unpacking fdisk (2.34-0.1ubuntu2) ...
Selecting previously unselected package findutils.
dpkg: regarding .../findutils_4.6.0+git+20190209-2ubuntu1_amd64.deb containing findutils, pre-dependency problem:
 findutils pre-depends on libselinux1 (>= 1.32)
  libselinux1 is not installed.

dpkg: warning: ignoring pre-dependency problem!
Preparing to unpack .../findutils_4.6.0+git+20190209-2ubuntu1_amd64.deb ...
Unpacking findutils (4.6.0+git+20190209-2ubuntu1) ...
Selecting previously unselected package gcc-9-base:amd64.
Preparing to unpack .../gcc-9-base_9.2.1-9ubuntu2_amd64.deb ...
Unpacking gcc-9-base:amd64 (9.2.1-9ubuntu2) ...
Selecting previously unselected package grep.
dpkg: regarding .../grep_3.3-1build1_amd64.deb containing grep, pre-dependency problem:
 grep pre-depends on libpcre3
  libpcre3 is not installed.

dpkg: warning: ignoring pre-dependency problem!
Preparing to unpack .../grep_3.3-1build1_amd64.deb ...
Unpacking grep (3.3-1build1) ...
Selecting previously unselected package gzip.
Preparing to unpack .../gzip_1.10-0ubuntu3_amd64.deb ...
Unpacking gzip (1.10-0ubuntu3) ...
Selecting previously unselected package hostname.
Preparing to unpack .../hostname_3.22_amd64.deb ...
Unpacking hostname (3.22) ...
Selecting previously unselected package init-system-helpers.
Preparing to unpack .../init-system-helpers_1.57_all.deb ...
Unpacking init-system-helpers (1.57) ...
Selecting previously unselected package libacl1:amd64.
Preparing to unpack .../libacl1_2.2.53-4_amd64.deb ...
Unpacking libacl1:amd64 (2.2.53-4) ...
Selecting previously unselected package libattr1:amd64.
Preparing to unpack .../libattr1_1%3a2.4.48-4_amd64.deb ...
Unpacking libattr1:amd64 (1:2.4.48-4) ...
Selecting previously unselected package libaudit-common.
Preparing to unpack .../libaudit-common_1%3a2.8.5-2ubuntu1_all.deb ...
Unpacking libaudit-common (1:2.8.5-2ubuntu1) ...
Selecting previously unselected package libaudit1:amd64.
Preparing to unpack .../libaudit1_1%3a2.8.5-2ubuntu1_amd64.deb ...
Unpacking libaudit1:amd64 (1:2.8.5-2ubuntu1) ...
Selecting previously unselected package libblkid1:amd64.
Preparing to unpack .../libblkid1_2.34-0.1ubuntu2_amd64.deb ...
Unpacking libblkid1:amd64 (2.34-0.1ubuntu2) ...
Selecting previously unselected package libbz2-1.0:amd64.
Preparing to unpack .../libbz2-1.0_1.0.6-9.2_amd64.deb ...
Unpacking libbz2-1.0:amd64 (1.0.6-9.2) ...
Selecting previously unselected package libc-bin.
Preparing to unpack .../libc-bin_2.30-0ubuntu2_amd64.deb ...
Unpacking libc-bin (2.30-0ubuntu2) ...
Preparing to unpack .../libc6_2.30-0ubuntu2_amd64.deb ...
Unpacking libc6:amd64 (2.30-0ubuntu2) over (2.30-0ubuntu2) ...
Selecting previously unselected package libcap-ng0:amd64.
Preparing to unpack .../libcap-ng0_0.7.9-2_amd64.deb ...
Unpacking libcap-ng0:amd64 (0.7.9-2) ...
Selecting previously unselected package libcom-err2:amd64.
Preparing to unpack .../libcom-err2_1.45.3-4ubuntu2_amd64.deb ...
Unpacking libcom-err2:amd64 (1.45.3-4ubuntu2) ...
Selecting previously unselected package libdb5.3:amd64.
Preparing to unpack .../libdb5.3_5.3.28+dfsg1-0.6ubuntu1_amd64.deb ...
Unpacking libdb5.3:amd64 (5.3.28+dfsg1-0.6ubuntu1) ...
Selecting previously unselected package libdebconfclient0:amd64.
Preparing to unpack .../libdebconfclient0_0.249ubuntu1_amd64.deb ...
Unpacking libdebconfclient0:amd64 (0.249ubuntu1) ...
Selecting previously unselected package libext2fs2:amd64.
Preparing to unpack .../libext2fs2_1.45.3-4ubuntu2_amd64.deb ...
Unpacking libext2fs2:amd64 (1.45.3-4ubuntu2) ...
Selecting previously unselected package libfdisk1:amd64.
Preparing to unpack .../libfdisk1_2.34-0.1ubuntu2_amd64.deb ...
Unpacking libfdisk1:amd64 (2.34-0.1ubuntu2) ...
Selecting previously unselected package libgcc1:amd64.
Preparing to unpack .../libgcc1_1%3a9.2.1-9ubuntu2_amd64.deb ...
Unpacking libgcc1:amd64 (1:9.2.1-9ubuntu2) ...
Selecting previously unselected package libgcrypt20:amd64.
Preparing to unpack .../libgcrypt20_1.8.4-5ubuntu2_amd64.deb ...
Unpacking libgcrypt20:amd64 (1.8.4-5ubuntu2) ...
Selecting previously unselected package libgpg-error0:amd64.
Preparing to unpack .../libgpg-error0_1.36-7_amd64.deb ...
Unpacking libgpg-error0:amd64 (1.36-7) ...
Selecting previously unselected package liblz4-1:amd64.
Preparing to unpack .../liblz4-1_1.9.1-1_amd64.deb ...
Unpacking liblz4-1:amd64 (1.9.1-1) ...
Selecting previously unselected package liblzma5:amd64.
Preparing to unpack .../liblzma5_5.2.4-1_amd64.deb ...
Unpacking liblzma5:amd64 (5.2.4-1) ...
Selecting previously unselected package libmount1:amd64.
Preparing to unpack .../libmount1_2.34-0.1ubuntu2_amd64.deb ...
Unpacking libmount1:amd64 (2.34-0.1ubuntu2) ...
Selecting previously unselected package libncurses6:amd64.
Preparing to unpack .../libncurses6_6.1+20190803-1ubuntu1_amd64.deb ...
Unpacking libncurses6:amd64 (6.1+20190803-1ubuntu1) ...
Selecting previously unselected package libncursesw6:amd64.
Preparing to unpack .../libncursesw6_6.1+20190803-1ubuntu1_amd64.deb ...
Unpacking libncursesw6:amd64 (6.1+20190803-1ubuntu1) ...
Selecting previously unselected package libpam-modules:amd64.
dpkg: regarding .../libpam-modules_1.3.1-5ubuntu1_amd64.deb containing libpam-modules:amd64, pre-dependency problem:
 libpam-modules pre-depends on libaudit1 (>= 1:2.2.1)
  libaudit1:amd64 is unpacked, but has never been configured.

dpkg: warning: ignoring pre-dependency problem!
dpkg: regarding .../libpam-modules_1.3.1-5ubuntu1_amd64.deb containing libpam-modules:amd64, pre-dependency problem:
 libpam-modules pre-depends on libdb5.3
  libdb5.3:amd64 is unpacked, but has never been configured.

dpkg: warning: ignoring pre-dependency problem!
dpkg: regarding .../libpam-modules_1.3.1-5ubuntu1_amd64.deb containing libpam-modules:amd64, pre-dependency problem:
 libpam-modules pre-depends on libpam0g (>= 1.3.1)
  libpam0g is not installed.

dpkg: warning: ignoring pre-dependency problem!
dpkg: regarding .../libpam-modules_1.3.1-5ubuntu1_amd64.deb containing libpam-modules:amd64, pre-dependency problem:
 libpam-modules pre-depends on libselinux1 (>= 2.1.9)
  libselinux1 is not installed.

dpkg: warning: ignoring pre-dependency problem!
dpkg: regarding .../libpam-modules_1.3.1-5ubuntu1_amd64.deb containing libpam-modules:amd64, pre-dependency problem:
 libpam-modules pre-depends on debconf (>= 0.5) | debconf-2.0
  debconf is unpacked, but has never been configured.
  debconf provides debconf-2.0 but is unpacked but not configured.

dpkg: warning: ignoring pre-dependency problem!
dpkg: regarding .../libpam-modules_1.3.1-5ubuntu1_amd64.deb containing libpam-modules:amd64, pre-dependency problem:
 libpam-modules pre-depends on libpam-modules-bin (= 1.3.1-5ubuntu1)
  libpam-modules-bin is not installed.

dpkg: warning: ignoring pre-dependency problem!
Preparing to unpack .../libpam-modules_1.3.1-5ubuntu1_amd64.deb ...
Unpacking libpam-modules:amd64 (1.3.1-5ubuntu1) ...
Selecting previously unselected package libpam-modules-bin.
Preparing to unpack .../libpam-modules-bin_1.3.1-5ubuntu1_amd64.deb ...
Unpacking libpam-modules-bin (1.3.1-5ubuntu1) ...
Selecting previously unselected package libpam-runtime.
Preparing to unpack .../libpam-runtime_1.3.1-5ubuntu1_all.deb ...
Unpacking libpam-runtime (1.3.1-5ubuntu1) ...
Selecting previously unselected package libpam0g:amd64.
Preparing to unpack .../libpam0g_1.3.1-5ubuntu1_amd64.deb ...
Unpacking libpam0g:amd64 (1.3.1-5ubuntu1) ...
Selecting previously unselected package libpcre2-8-0:amd64.
Preparing to unpack .../libpcre2-8-0_10.32-5_amd64.deb ...
Unpacking libpcre2-8-0:amd64 (10.32-5) ...
Selecting previously unselected package libpcre3:amd64.
Preparing to unpack .../libpcre3_2%3a8.39-12_amd64.deb ...
Unpacking libpcre3:amd64 (2:8.39-12) ...
Selecting previously unselected package libprocps7:amd64.
Preparing to unpack .../libprocps7_2%3a3.3.15-2ubuntu3_amd64.deb ...
Unpacking libprocps7:amd64 (2:3.3.15-2ubuntu3) ...
Selecting previously unselected package libselinux1:amd64.
Preparing to unpack .../libselinux1_2.9-2_amd64.deb ...
Unpacking libselinux1:amd64 (2.9-2) ...
Selecting previously unselected package libsemanage-common.
Preparing to unpack .../libsemanage-common_2.9-3_all.deb ...
Unpacking libsemanage-common (2.9-3) ...
Selecting previously unselected package libsemanage1:amd64.
Preparing to unpack .../libsemanage1_2.9-3_amd64.deb ...
Unpacking libsemanage1:amd64 (2.9-3) ...
Selecting previously unselected package libsepol1:amd64.
Preparing to unpack .../libsepol1_2.9-2_amd64.deb ...
Unpacking libsepol1:amd64 (2.9-2) ...
Selecting previously unselected package libsmartcols1:amd64.
Preparing to unpack .../libsmartcols1_2.34-0.1ubuntu2_amd64.deb ...
Unpacking libsmartcols1:amd64 (2.34-0.1ubuntu2) ...
Selecting previously unselected package libss2:amd64.
Preparing to unpack .../libss2_1.45.3-4ubuntu2_amd64.deb ...
Unpacking libss2:amd64 (1.45.3-4ubuntu2) ...
Selecting previously unselected package libsystemd0:amd64.
dpkg: regarding .../libsystemd0_242-7ubuntu3_amd64.deb containing libsystemd0:amd64, pre-dependency problem:
 libsystemd0 pre-depends on libgcrypt20 (>= 1.8.0)
  libgcrypt20:amd64 is unpacked, but has never been configured.

dpkg: warning: ignoring pre-dependency problem!
dpkg: regarding .../libsystemd0_242-7ubuntu3_amd64.deb containing libsystemd0:amd64, pre-dependency problem:
 libsystemd0 pre-depends on liblz4-1 (>= 0.0~r122)
  liblz4-1:amd64 is unpacked, but has never been configured.

dpkg: warning: ignoring pre-dependency problem!
dpkg: regarding .../libsystemd0_242-7ubuntu3_amd64.deb containing libsystemd0:amd64, pre-dependency problem:
 libsystemd0 pre-depends on liblzma5 (>= 5.1.1alpha+20120614)
  liblzma5:amd64 is unpacked, but has never been configured.

dpkg: warning: ignoring pre-dependency problem!
Preparing to unpack .../libsystemd0_242-7ubuntu3_amd64.deb ...
Unpacking libsystemd0:amd64 (242-7ubuntu3) ...
Selecting previously unselected package libtinfo6:amd64.
Preparing to unpack .../libtinfo6_6.1+20190803-1ubuntu1_amd64.deb ...
Unpacking libtinfo6:amd64 (6.1+20190803-1ubuntu1) ...
Selecting previously unselected package libudev1:amd64.
Preparing to unpack .../libudev1_242-7ubuntu3_amd64.deb ...
Unpacking libudev1:amd64 (242-7ubuntu3) ...
Selecting previously unselected package libuuid1:amd64.
Preparing to unpack .../libuuid1_2.34-0.1ubuntu2_amd64.deb ...
Unpacking libuuid1:amd64 (2.34-0.1ubuntu2) ...
Selecting previously unselected package libzstd1:amd64.
Preparing to unpack .../libzstd1_1.4.3+dfsg-1_amd64.deb ...
Unpacking libzstd1:amd64 (1.4.3+dfsg-1) ...
Selecting previously unselected package login.
dpkg: regarding .../login_1%3a4.5-1.1ubuntu4_amd64.deb containing login, pre-dependency problem:
 login pre-depends on libaudit1 (>= 1:2.2.1)
  libaudit1:amd64 is unpacked, but has never been configured.

dpkg: warning: ignoring pre-dependency problem!
dpkg: regarding .../login_1%3a4.5-1.1ubuntu4_amd64.deb containing login, pre-dependency problem:
 login pre-depends on libpam0g (>= 0.99.7.1)
  libpam0g:amd64 is unpacked, but has never been configured.

dpkg: warning: ignoring pre-dependency problem!
dpkg: regarding .../login_1%3a4.5-1.1ubuntu4_amd64.deb containing login, pre-dependency problem:
 login pre-depends on libpam-runtime
  libpam-runtime is unpacked, but has never been configured.

dpkg: warning: ignoring pre-dependency problem!
dpkg: regarding .../login_1%3a4.5-1.1ubuntu4_amd64.deb containing login, pre-dependency problem:
 login pre-depends on libpam-modules (>= 1.1.8-1)
  libpam-modules:amd64 is unpacked, but has never been configured.

dpkg: warning: ignoring pre-dependency problem!
Preparing to unpack .../login_1%3a4.5-1.1ubuntu4_amd64.deb ...
Unpacking login (1:4.5-1.1ubuntu4) ...
Selecting previously unselected package logsave.
Preparing to unpack .../logsave_1.45.3-4ubuntu2_amd64.deb ...
Unpacking logsave (1.45.3-4ubuntu2) ...
Selecting previously unselected package lsb-base.
Preparing to unpack .../lsb-base_11.0.1ubuntu1_all.deb ...
Unpacking lsb-base (11.0.1ubuntu1) ...
Preparing to unpack .../mawk_1.3.3-17ubuntu3_amd64.deb ...
Unpacking mawk (1.3.3-17ubuntu3) over (1.3.3-17ubuntu3) ...
Selecting previously unselected package mount.
dpkg: regarding .../mount_2.34-0.1ubuntu2_amd64.deb containing mount, pre-dependency problem:
 mount pre-depends on libblkid1 (>= 2.17.2)
  libblkid1:amd64 is unpacked, but has never been configured.

dpkg: warning: ignoring pre-dependency problem!
dpkg: regarding .../mount_2.34-0.1ubuntu2_amd64.deb containing mount, pre-dependency problem:
 mount pre-depends on libmount1 (>= 2.34)
  libmount1:amd64 is unpacked, but has never been configured.

dpkg: warning: ignoring pre-dependency problem!
dpkg: regarding .../mount_2.34-0.1ubuntu2_amd64.deb containing mount, pre-dependency problem:
 mount pre-depends on libsmartcols1 (>= 2.33)
  libsmartcols1:amd64 is unpacked, but has never been configured.

dpkg: warning: ignoring pre-dependency problem!
Preparing to unpack .../mount_2.34-0.1ubuntu2_amd64.deb ...
Unpacking mount (2.34-0.1ubuntu2) ...
Selecting previously unselected package ncurses-base.
Preparing to unpack .../ncurses-base_6.1+20190803-1ubuntu1_all.deb ...
Unpacking ncurses-base (6.1+20190803-1ubuntu1) ...
Selecting previously unselected package ncurses-bin.
dpkg: regarding .../ncurses-bin_6.1+20190803-1ubuntu1_amd64.deb containing ncurses-bin, pre-dependency problem:
 ncurses-bin pre-depends on libtinfo6 (>= 6.1+20190713)
  libtinfo6:amd64 is unpacked, but has never been configured.

dpkg: warning: ignoring pre-dependency problem!
dpkg: regarding .../ncurses-bin_6.1+20190803-1ubuntu1_amd64.deb containing ncurses-bin, pre-dependency problem:
 ncurses-bin pre-depends on libtinfo6 (<< 6.2~)
  libtinfo6:amd64 is unpacked, but has never been configured.

dpkg: warning: ignoring pre-dependency problem!
Preparing to unpack .../ncurses-bin_6.1+20190803-1ubuntu1_amd64.deb ...
Unpacking ncurses-bin (6.1+20190803-1ubuntu1) ...
Selecting previously unselected package passwd.
Preparing to unpack .../passwd_1%3a4.5-1.1ubuntu4_amd64.deb ...
Unpacking passwd (1:4.5-1.1ubuntu4) ...
Preparing to unpack .../perl-base_5.28.1-6build1_amd64.deb ...
Unpacking perl-base (5.28.1-6build1) over (5.28.1-6build1) ...
Selecting previously unselected package procps.
Preparing to unpack .../procps_2%3a3.3.15-2ubuntu3_amd64.deb ...
Unpacking procps (2:3.3.15-2ubuntu3) ...
Selecting previously unselected package sed.
dpkg: regarding .../archives/sed_4.7-1_amd64.deb containing sed, pre-dependency problem:
 sed pre-depends on libacl1 (>= 2.2.51-8)
  libacl1:amd64 is unpacked, but has never been configured.

dpkg: warning: ignoring pre-dependency problem!
dpkg: regarding .../archives/sed_4.7-1_amd64.deb containing sed, pre-dependency problem:
 sed pre-depends on libselinux1 (>= 1.32)
  libselinux1:amd64 is unpacked, but has never been configured.

dpkg: warning: ignoring pre-dependency problem!
Preparing to unpack .../archives/sed_4.7-1_amd64.deb ...
Unpacking sed (4.7-1) ...
Selecting previously unselected package sensible-utils.
Preparing to unpack .../sensible-utils_0.0.12_all.deb ...
Unpacking sensible-utils (0.0.12) ...
Selecting previously unselected package sysvinit-utils.
Preparing to unpack .../sysvinit-utils_2.95-5ubuntu2_amd64.deb ...
Unpacking sysvinit-utils (2.95-5ubuntu2) ...
Selecting previously unselected package tar.
dpkg: regarding .../tar_1.30+dfsg-6_amd64.deb containing tar, pre-dependency problem:
 tar pre-depends on libacl1 (>= 2.2.23)
  libacl1:amd64 is unpacked, but has never been configured.

dpkg: warning: ignoring pre-dependency problem!
dpkg: regarding .../tar_1.30+dfsg-6_amd64.deb containing tar, pre-dependency problem:
 tar pre-depends on libselinux1 (>= 1.32)
  libselinux1:amd64 is unpacked, but has never been configured.

dpkg: warning: ignoring pre-dependency problem!
Preparing to unpack .../tar_1.30+dfsg-6_amd64.deb ...
Unpacking tar (1.30+dfsg-6) ...
Selecting previously unselected package util-linux.
dpkg: regarding .../util-linux_2.34-0.1ubuntu2_amd64.deb containing util-linux, pre-dependency problem:
 util-linux pre-depends on libaudit1 (>= 1:2.2.1)
  libaudit1:amd64 is unpacked, but has never been configured.

dpkg: warning: ignoring pre-dependency problem!
dpkg: regarding .../util-linux_2.34-0.1ubuntu2_amd64.deb containing util-linux, pre-dependency problem:
 util-linux pre-depends on libblkid1 (>= 2.31.1)
  libblkid1:amd64 is unpacked, but has never been configured.

dpkg: warning: ignoring pre-dependency problem!
dpkg: regarding .../util-linux_2.34-0.1ubuntu2_amd64.deb containing util-linux, pre-dependency problem:
 util-linux pre-depends on libcap-ng0 (>= 0.7.9)
  libcap-ng0:amd64 is unpacked, but has never been configured.

dpkg: warning: ignoring pre-dependency problem!
dpkg: regarding .../util-linux_2.34-0.1ubuntu2_amd64.deb containing util-linux, pre-dependency problem:
 util-linux pre-depends on libmount1 (>= 2.34)
  libmount1:amd64 is unpacked, but has never been configured.

dpkg: warning: ignoring pre-dependency problem!
dpkg: regarding .../util-linux_2.34-0.1ubuntu2_amd64.deb containing util-linux, pre-dependency problem:
 util-linux pre-depends on libpam0g (>= 0.99.7.1)
  libpam0g:amd64 is unpacked, but has never been configured.

dpkg: warning: ignoring pre-dependency problem!
dpkg: regarding .../util-linux_2.34-0.1ubuntu2_amd64.deb containing util-linux, pre-dependency problem:
 util-linux pre-depends on libselinux1 (>= 2.6-3~)
  libselinux1:amd64 is unpacked, but has never been configured.

dpkg: warning: ignoring pre-dependency problem!
dpkg: regarding .../util-linux_2.34-0.1ubuntu2_amd64.deb containing util-linux, pre-dependency problem:
 util-linux pre-depends on libsmartcols1 (>= 2.34)
  libsmartcols1:amd64 is unpacked, but has never been configured.

dpkg: warning: ignoring pre-dependency problem!
dpkg: regarding .../util-linux_2.34-0.1ubuntu2_amd64.deb containing util-linux, pre-dependency problem:
 util-linux pre-depends on libsystemd0
  libsystemd0:amd64 is unpacked, but has never been configured.

dpkg: warning: ignoring pre-dependency problem!
dpkg: regarding .../util-linux_2.34-0.1ubuntu2_amd64.deb containing util-linux, pre-dependency problem:
 util-linux pre-depends on libtinfo6 (>= 6)
  libtinfo6:amd64 is unpacked, but has never been configured.

dpkg: warning: ignoring pre-dependency problem!
dpkg: regarding .../util-linux_2.34-0.1ubuntu2_amd64.deb containing util-linux, pre-dependency problem:
 util-linux pre-depends on libudev1 (>= 183)
  libudev1:amd64 is unpacked, but has never been configured.

dpkg: warning: ignoring pre-dependency problem!
dpkg: regarding .../util-linux_2.34-0.1ubuntu2_amd64.deb containing util-linux, pre-dependency problem:
 util-linux pre-depends on libuuid1 (>= 2.16)
  libuuid1:amd64 is unpacked, but has never been configured.

dpkg: warning: ignoring pre-dependency problem!
dpkg: regarding .../util-linux_2.34-0.1ubuntu2_amd64.deb containing util-linux, pre-dependency problem:
 util-linux pre-depends on zlib1g (>= 1:1.1.4)
  zlib1g is not installed.

dpkg: warning: ignoring pre-dependency problem!
Preparing to unpack .../util-linux_2.34-0.1ubuntu2_amd64.deb ...
Unpacking util-linux (2.34-0.1ubuntu2) ...
Selecting previously unselected package zlib1g:amd64.
Preparing to unpack .../zlib1g_1%3a1.2.11.dfsg-1ubuntu3_amd64.deb ...
Unpacking zlib1g:amd64 (1:1.2.11.dfsg-1ubuntu3) ...
Setting up lsb-base (11.0.1ubuntu1) ...
Setting up libaudit-common (1:2.8.5-2ubuntu1) ...
Setting up libsemanage-common (2.9-3) ...
Setting up ncurses-base (6.1+20190803-1ubuntu1) ...
Setting up sensible-utils (0.0.12) ...
Setting up gcc-9-base:amd64 (9.2.1-9ubuntu2) ...
Setting up libc6:amd64 (2.30-0ubuntu2) ...
Setting up libudev1:amd64 (242-7ubuntu3) ...
Setting up libsepol1:amd64 (2.9-2) ...
Setting up libattr1:amd64 (1:2.4.48-4) ...
Setting up debianutils (4.8.6.3) ...
Setting up mawk (1.3.3-17ubuntu3) ...
Setting up libdebconfclient0:amd64 (0.249ubuntu1) ...
Setting up base-files (10.2ubuntu7) ...
Setting up libbz2-1.0:amd64 (1.0.6-9.2) ...
Setting up base-passwd (3.5.46) ...
Setting up libdb5.3:amd64 (5.3.28+dfsg1-0.6ubuntu1) ...
Setting up libblkid1:amd64 (2.34-0.1ubuntu2) ...
Setting up libtinfo6:amd64 (6.1+20190803-1ubuntu1) ...
Setting up bash (5.0-4ubuntu1) ...
update-alternatives: using /usr/share/man/man7/bash-builtins.7.gz to provide /usr/share/man/man7/builtins.7.gz (builtins.7.gz) in auto mode
Setting up libzstd1:amd64 (1.4.3+dfsg-1) ...
Setting up liblzma5:amd64 (5.2.4-1) ...
Setting up libgpg-error0:amd64 (1.36-7) ...
Setting up libgcc1:amd64 (1:9.2.1-9ubuntu2) ...
Setting up liblz4-1:amd64 (1.9.1-1) ...
Setting up libc-bin (2.30-0ubuntu2) ...
Setting up ncurses-bin (6.1+20190803-1ubuntu1) ...
Setting up libacl1:amd64 (2.2.53-4) ...
Setting up libsmartcols1:amd64 (2.34-0.1ubuntu2) ...
Setting up libgcrypt20:amd64 (1.8.4-5ubuntu2) ...
Setting up zlib1g:amd64 (1:1.2.11.dfsg-1ubuntu3) ...
Setting up libcom-err2:amd64 (1.45.3-4ubuntu2) ...
Setting up diffutils (1:3.7-3) ...
Setting up libsystemd0:amd64 (242-7ubuntu3) ...
Setting up hostname (3.22) ...
Setting up libpcre3:amd64 (2:8.39-12) ...
Setting up libcap-ng0:amd64 (0.7.9-2) ...
Setting up libext2fs2:amd64 (1.45.3-4ubuntu2) ...
Setting up libncurses6:amd64 (6.1+20190803-1ubuntu1) ...
Setting up libaudit1:amd64 (1:2.8.5-2ubuntu1) ...
Setting up libuuid1:amd64 (2.34-0.1ubuntu2) ...
Setting up libss2:amd64 (1.45.3-4ubuntu2) ...
Setting up libpcre2-8-0:amd64 (10.32-5) ...
Setting up libncursesw6:amd64 (6.1+20190803-1ubuntu1) ...
Setting up logsave (1.45.3-4ubuntu2) ...
Setting up libfdisk1:amd64 (2.34-0.1ubuntu2) ...
Setting up bsdutils (1:2.34-0.1ubuntu2) ...
Setting up libprocps7:amd64 (2:3.3.15-2ubuntu3) ...
Setting up e2fsprogs (1.45.3-4ubuntu2) ...
Setting up libselinux1:amd64 (2.9-2) ...
Setting up sed (4.7-1) ...
Setting up findutils (4.6.0+git+20190209-2ubuntu1) ...
Setting up libmount1:amd64 (2.34-0.1ubuntu2) ...
Setting up libsemanage1:amd64 (2.9-3) ...
Setting up tar (1.30+dfsg-6) ...
update-alternatives: using /usr/sbin/rmt-tar to provide /usr/sbin/rmt (rmt) in auto mode
Setting up coreutils (8.30-3ubuntu2) ...
Setting up fdisk (2.34-0.1ubuntu2) ...
Setting up dpkg (1.19.7ubuntu2) ...
Setting up grep (3.3-1build1) ...
Setting up perl-base (5.28.1-6build1) ...
Setting up init-system-helpers (1.57) ...
Setting up gzip (1.10-0ubuntu3) ...
Setting up procps (2:3.3.15-2ubuntu3) ...
update-alternatives: using /usr/bin/w.procps to provide /usr/bin/w (w) in auto mode
Setting up debconf (1.5.73) ...
Setting up libpam0g:amd64 (1.3.1-5ubuntu1) ...
Setting up dash (0.5.10.2-6) ...
No diversion 'diversion of /bin/sh by bash', none removed.
Adding 'diversion of /bin/sh to /bin/sh.distrib by dash'
No diversion 'diversion of /usr/share/man/man1/sh.1.gz by bash', none removed.
Adding 'diversion of /usr/share/man/man1/sh.1.gz to /usr/share/man/man1/sh.distrib.1.gz by dash'
Setting up libpam-modules-bin (1.3.1-5ubuntu1) ...
Setting up libpam-modules:amd64 (1.3.1-5ubuntu1) ...
Setting up passwd (1:4.5-1.1ubuntu4) ...
Shadow passwords are now on.
Setting up libpam-runtime (1.3.1-5ubuntu1) ...
Setting up login (1:4.5-1.1ubuntu4) ...
Setting up util-linux (2.34-0.1ubuntu2) ...
update-alternatives: using /bin/more to provide /usr/bin/pager (pager) in auto mode
Setting up mount (2.34-0.1ubuntu2) ...
Setting up sysvinit-utils (2.95-5ubuntu2) ...
Processing triggers for libc-bin (2.30-0ubuntu2) ...
(Reading database ... 3588 files and directories currently installed.)
Preparing to unpack .../adduser_3.118ubuntu1_all.deb ...
Unpacking adduser (3.118ubuntu1) ...
Preparing to unpack .../archives/apt_1.9.4_amd64.deb ...
Unpacking apt (1.9.4) ...
Preparing to unpack .../bzip2_1.0.6-9.2_amd64.deb ...
Unpacking bzip2 (1.0.6-9.2) ...
Preparing to unpack .../gpgv_2.2.12-1ubuntu3_amd64.deb ...
Unpacking gpgv (2.2.12-1ubuntu3) ...
Preparing to unpack .../libapt-pkg5.90_1.9.4_amd64.deb ...
Unpacking libapt-pkg5.90:amd64 (1.9.4) ...
Preparing to unpack .../libffi6_3.2.1-9_amd64.deb ...
Unpacking libffi6:amd64 (3.2.1-9) ...
Preparing to unpack .../libgmp10_2%3a6.1.2+dfsg-4_amd64.deb ...
Unpacking libgmp10:amd64 (2:6.1.2+dfsg-4) ...
Preparing to unpack .../libgnutls30_3.6.9-5ubuntu1_amd64.deb ...
Unpacking libgnutls30:amd64 (3.6.9-5ubuntu1) ...
Preparing to unpack .../libhogweed4_3.4.1-1_amd64.deb ...
Unpacking libhogweed4:amd64 (3.4.1-1) ...
Preparing to unpack .../libidn2-0_2.2.0-2_amd64.deb ...
Unpacking libidn2-0:amd64 (2.2.0-2) ...
Preparing to unpack .../libnettle6_3.4.1-1_amd64.deb ...
Unpacking libnettle6:amd64 (3.4.1-1) ...
Preparing to unpack .../libp11-kit0_0.23.17-2_amd64.deb ...
Unpacking libp11-kit0:amd64 (0.23.17-2) ...
Preparing to unpack .../libseccomp2_2.4.1-0ubuntu0.19.10.3_amd64.deb ...
Unpacking libseccomp2:amd64 (2.4.1-0ubuntu0.19.10.3) ...
Preparing to unpack .../libstdc++6_9.2.1-9ubuntu2_amd64.deb ...
Unpacking libstdc++6:amd64 (9.2.1-9ubuntu2) ...
Preparing to unpack .../libtasn1-6_4.14-3_amd64.deb ...
Unpacking libtasn1-6:amd64 (4.14-3) ...
Preparing to unpack .../libunistring2_0.9.10-2_amd64.deb ...
Unpacking libunistring2:amd64 (0.9.10-2) ...
Preparing to unpack .../ubuntu-keyring_2018.09.18.1_all.deb ...
Unpacking ubuntu-keyring (2018.09.18.1) ...
Processing triggers for libc-bin (2.30-0ubuntu2) ...
Setting up adduser (3.118ubuntu1) ...
Setting up libunistring2:amd64 (0.9.10-2) ...
Setting up libffi6:amd64 (3.2.1-9) ...
Setting up libidn2-0:amd64 (2.2.0-2) ...
Setting up bzip2 (1.0.6-9.2) ...
Setting up ubuntu-keyring (2018.09.18.1) ...
Setting up libseccomp2:amd64 (2.4.1-0ubuntu0.19.10.3) ...
Setting up libgmp10:amd64 (2:6.1.2+dfsg-4) ...
Setting up libp11-kit0:amd64 (0.23.17-2) ...
Setting up libnettle6:amd64 (3.4.1-1) ...
Setting up gpgv (2.2.12-1ubuntu3) ...
Setting up libtasn1-6:amd64 (4.14-3) ...
Setting up libstdc++6:amd64 (9.2.1-9ubuntu2) ...
Setting up libhogweed4:amd64 (3.4.1-1) ...
Setting up libgnutls30:amd64 (3.6.9-5ubuntu1) ...
Setting up libapt-pkg5.90:amd64 (1.9.4) ...
Setting up apt (1.9.4) ...
Processing triggers for libc-bin (2.30-0ubuntu2) ...
